<?xml version="1.0" encoding="UTF-8"?>
<!-- Generated by org.testng.reporters.JUnitReportReporter -->
<testsuite skipped="0" hostname="arupemuk" name="com.training.sanity.tests.TeacherAssignStudentRateELTC_035_Test" tests="2" failures="0" timestamp="22 Feb 2019 05:02:30 GMT" time="29.830" errors="0">
  <testcase name="validLoginTest" time="5.990" classname="com.training.sanity.tests.TeacherAssignStudentRateELTC_035_Test"/>
  <testcase name="validCoursecreation" time="23.840" classname="com.training.sanity.tests.TeacherAssignStudentRateELTC_035_Test"/>
</testsuite> <!-- com.training.sanity.tests.TeacherAssignStudentRateELTC_035_Test -->
