<?xml version="1.0" encoding="UTF-8"?>
<!-- Generated by org.testng.reporters.JUnitReportReporter -->
<testsuite skipped="0" hostname="arupemuk" name="com.training.sanity.tests.TeacherAddCourseELTC_031_Test" tests="2" failures="0" timestamp="22 Feb 2019 05:30:35 GMT" time="63.900" errors="0">
  <testcase name="validLoginTest" time="6.790" classname="com.training.sanity.tests.TeacherAddCourseELTC_031_Test"/>
  <testcase name="validCoursecreation" time="57.110" classname="com.training.sanity.tests.TeacherAddCourseELTC_031_Test"/>
</testsuite> <!-- com.training.sanity.tests.TeacherAddCourseELTC_031_Test -->
