<?xml version="1.0" encoding="UTF-8"?>
<!-- Generated by org.testng.reporters.JUnitReportReporter -->
<testsuite skipped="0" hostname="arupemuk" name="com.training.sanity.tests.AddCategoryTests_024" tests="2" failures="0" timestamp="14 Feb 2019 11:39:57 GMT" time="19.386" errors="0">
  <testcase name="validLoginTest" time="11.049" classname="com.training.sanity.tests.AddCategoryTests_024"/>
  <testcase name="deleteCategoryTest" time="8.337" classname="com.training.sanity.tests.AddCategoryTests_024"/>
</testsuite> <!-- com.training.sanity.tests.AddCategoryTests_024 -->
