<?xml version="1.0" encoding="UTF-8"?>
<!-- Generated by org.testng.reporters.JUnitReportReporter -->
<testsuite skipped="0" hostname="arupemuk" name="com.training.sanity.tests.EditprofileELTC_003_Test" tests="2" failures="0" timestamp="16 Feb 2019 12:22:00 GMT" time="25.634" errors="0">
  <testcase name="validLoginTest" time="5.738" classname="com.training.sanity.tests.EditprofileELTC_003_Test"/>
  <testcase name="validChangePassword" time="19.896" classname="com.training.sanity.tests.EditprofileELTC_003_Test"/>
</testsuite> <!-- com.training.sanity.tests.EditprofileELTC_003_Test -->
