<?xml version="1.0" encoding="UTF-8"?>
<!-- Generated by org.testng.reporters.JUnitReportReporter -->
<testsuite skipped="0" hostname="arupemuk" name="com.training.sanity.tests.TeacherAttchCertificateELTC_033_Test" tests="2" failures="0" timestamp="22 Feb 2019 06:26:59 GMT" time="36.707" errors="0">
  <testcase name="validLoginTest" time="7.224" classname="com.training.sanity.tests.TeacherAttchCertificateELTC_033_Test"/>
  <testcase name="validCoursecreation" time="29.483" classname="com.training.sanity.tests.TeacherAttchCertificateELTC_033_Test"/>
</testsuite> <!-- com.training.sanity.tests.TeacherAttchCertificateELTC_033_Test -->
