<?xml version="1.0" encoding="UTF-8"?>
<!-- Generated by org.testng.reporters.JUnitReportReporter -->
<testsuite skipped="0" hostname="arupemuk" name="com.training.regression.tests.Allow_Teacher_To_Author_Test_ELTC_065" tests="7" failures="0" timestamp="01 Mar 2019 18:29:44 GMT" time="34.298" errors="0">
  <testcase name="validLoginTest" time="5.037" classname="com.training.regression.tests.Allow_Teacher_To_Author_Test_ELTC_065"/>
  <testcase name="validCoursecreation" time="18.894" classname="com.training.regression.tests.Allow_Teacher_To_Author_Test_ELTC_065"/>
  <testcase name="AllowteacherToAuthorTest" time="1.261" classname="com.training.regression.tests.Allow_Teacher_To_Author_Test_ELTC_065"/>
  <testcase name="AllowteacherToAuthorTest" time="0.990" classname="com.training.regression.tests.Allow_Teacher_To_Author_Test_ELTC_065"/>
  <testcase name="AllowteacherToAuthorTest" time="0.994" classname="com.training.regression.tests.Allow_Teacher_To_Author_Test_ELTC_065"/>
  <testcase name="AllowteacherToAuthorTest" time="1.454" classname="com.training.regression.tests.Allow_Teacher_To_Author_Test_ELTC_065"/>
  <testcase name="validCoursecreation2" time="5.668" classname="com.training.regression.tests.Allow_Teacher_To_Author_Test_ELTC_065"/>
</testsuite> <!-- com.training.regression.tests.Allow_Teacher_To_Author_Test_ELTC_065 -->
