<?xml version="1.0" encoding="UTF-8"?>
<!-- Generated by org.testng.reporters.JUnitReportReporter -->
<testsuite skipped="0" hostname="arupemuk" name="com.training.sanity.tests.TeacherAddCourseELTC_007_Test" tests="2" failures="0" timestamp="17 Feb 2019 15:28:49 GMT" time="39.165" errors="0">
  <testcase name="validLoginTest" time="9.006" classname="com.training.sanity.tests.TeacherAddCourseELTC_007_Test"/>
  <testcase name="validCoursecreation" time="30.159" classname="com.training.sanity.tests.TeacherAddCourseELTC_007_Test"/>
</testsuite> <!-- com.training.sanity.tests.TeacherAddCourseELTC_007_Test -->
