<?xml version="1.0" encoding="UTF-8"?>
<!-- Generated by org.testng.reporters.JUnitReportReporter -->
<testsuite skipped="0" hostname="arupemuk" name="com.training.sanity.tests.TeacherAssignmentsLTC_034_Test" tests="2" failures="0" timestamp="26 Feb 2019 13:26:14 GMT" time="37.734" errors="0">
  <testcase name="validLoginTest" time="6.087" classname="com.training.sanity.tests.TeacherAssignmentsLTC_034_Test"/>
  <testcase name="validCoursecreation" time="31.647" classname="com.training.sanity.tests.TeacherAssignmentsLTC_034_Test"/>
</testsuite> <!-- com.training.sanity.tests.TeacherAssignmentsLTC_034_Test -->
