<?xml version="1.0" encoding="UTF-8"?>
<!-- Generated by org.testng.reporters.JUnitReportReporter -->
<testsuite skipped="0" hostname="arupemuk" name="com.training.sanity.tests.Elearning1Test" tests="1" failures="0" timestamp="12 Feb 2019 12:42:06 GMT" time="26.710" errors="0">
  <testcase name="validLoginTest" time="26.710" classname="com.training.sanity.tests.Elearning1Test"/>
</testsuite> <!-- com.training.sanity.tests.Elearning1Test -->
