<?xml version="1.0" encoding="UTF-8"?>
<!-- Generated by org.testng.reporters.JUnitReportReporter -->
<testsuite skipped="0" hostname="arupemuk" name="com.training.regression.tests.TeacherCourse_Student_Register_ELTC_064_Test" tests="4" failures="0" timestamp="06 Mar 2019 17:07:20 GMT" time="138.252" errors="0">
  <testcase name="validLoginTeacherTest" time="8.124" classname="com.training.regression.tests.TeacherCourse_Student_Register_ELTC_064_Test"/>
  <testcase name="TracherCoursecreation1" time="79.432" classname="com.training.regression.tests.TeacherCourse_Student_Register_ELTC_064_Test"/>
  <testcase name="StudentCourseRegister" time="28.681" classname="com.training.regression.tests.TeacherCourse_Student_Register_ELTC_064_Test"/>
  <testcase name="AdminloginView" time="22.015" classname="com.training.regression.tests.TeacherCourse_Student_Register_ELTC_064_Test"/>
</testsuite> <!-- com.training.regression.tests.TeacherCourse_Student_Register_ELTC_064_Test -->
