<?xml version="1.0" encoding="UTF-8"?>
<!-- Generated by org.testng.reporters.JUnitReportReporter -->
<testsuite skipped="0" hostname="arupemuk" name="com.training.sanity.tests.RecoverPasswordELTC_004_Test" tests="1" failures="0" timestamp="16 Feb 2019 12:37:19 GMT" time="18.041" errors="0">
  <testcase name="validLoginTest" time="18.041" classname="com.training.sanity.tests.RecoverPasswordELTC_004_Test"/>
</testsuite> <!-- com.training.sanity.tests.RecoverPasswordELTC_004_Test -->
