<?xml version="1.0" encoding="UTF-8"?>
<!-- Generated by org.testng.reporters.JUnitReportReporter -->
<testsuite skipped="0" hostname="arupemuk" name="com.training.sanity.tests.StudentLoginELTC_002_Test" tests="1" failures="0" timestamp="18 Feb 2019 05:15:27 GMT" time="5.650" errors="0">
  <testcase name="validLoginTest" time="5.650" classname="com.training.sanity.tests.StudentLoginELTC_002_Test"/>
</testsuite> <!-- com.training.sanity.tests.StudentLoginELTC_002_Test -->
