<?xml version="1.0" encoding="UTF-8"?>
<!-- Generated by org.testng.reporters.JUnitReportReporter -->
<testsuite skipped="0" hostname="arupemuk" name="com.training.sanity.tests.StudentLoginELTC_002_Test" tests="1" failures="0" timestamp="24 Feb 2019 13:51:16 GMT" time="6.441" errors="0">
  <testcase name="validLoginTest" time="6.441" classname="com.training.sanity.tests.StudentLoginELTC_002_Test"/>
</testsuite> <!-- com.training.sanity.tests.StudentLoginELTC_002_Test -->
