<?xml version="1.0" encoding="UTF-8"?>
<!-- Generated by org.testng.reporters.JUnitReportReporter -->
<testsuite skipped="0" hostname="arupemuk" name="com.training.sanity.tests.RegisterTeacherELTC_005_Test" tests="1" failures="0" timestamp="18 Feb 2019 07:08:16 GMT" time="89.778" errors="0">
  <testcase name="validLoginTest" time="89.778" classname="com.training.sanity.tests.RegisterTeacherELTC_005_Test"/>
</testsuite> <!-- com.training.sanity.tests.RegisterTeacherELTC_005_Test -->
