<?xml version="1.0" encoding="UTF-8"?>
<!-- Generated by org.testng.reporters.JUnitReportReporter -->
<testsuite skipped="0" hostname="arupemuk" name="com.training.sanity.tests.LoginELTC_004_Test" tests="1" failures="0" timestamp="14 Feb 2019 09:17:20 GMT" time="26.922" errors="0">
  <testcase name="validLoginTest" time="26.922" classname="com.training.sanity.tests.LoginELTC_004_Test"/>
</testsuite> <!-- com.training.sanity.tests.LoginELTC_004_Test -->
