<?xml version="1.0" encoding="UTF-8"?>
<!-- Generated by org.testng.reporters.JUnitReportReporter -->
<testsuite skipped="0" hostname="arupemuk" name="com.training.regression.tests.LoginDB_Registration_ELTC063_Test" tests="1" failures="0" timestamp="06 Mar 2019 04:28:05 GMT" time="38.421" errors="0">
  <testcase name="loginDBTest" time="38.421" classname="com.training.regression.tests.LoginDB_Registration_ELTC063_Test"/>
</testsuite> <!-- com.training.regression.tests.LoginDB_Registration_ELTC063_Test -->
