<?xml version="1.0" encoding="UTF-8"?>
<!-- Generated by org.testng.reporters.JUnitReportReporter -->
<testsuite skipped="0" hostname="arupemuk" name="com.training.sanity.tests.TeacherTestCreationELTC_032_Test" tests="2" failures="0" timestamp="22 Feb 2019 05:42:50 GMT" time="100.367" errors="0">
  <testcase name="validLoginTest" time="6.907" classname="com.training.sanity.tests.TeacherTestCreationELTC_032_Test"/>
  <testcase name="validCoursecreation" time="93.460" classname="com.training.sanity.tests.TeacherTestCreationELTC_032_Test"/>
</testsuite> <!-- com.training.sanity.tests.TeacherTestCreationELTC_032_Test -->
