<?xml version="1.0" encoding="UTF-8"?>
<!-- Generated by org.testng.reporters.JUnitReportReporter -->
<testsuite skipped="0" hostname="arupemuk" name="com.training.sanity.tests.AddUser2CourseTests_023" tests="3" failures="0" timestamp="15 Feb 2019 06:35:36 GMT" time="14.977" errors="0">
  <testcase name="validLoginTest" time="5.723" classname="com.training.sanity.tests.AddUser2CourseTests_023"/>
  <testcase name="addUser2CourseTest" time="9.204" classname="com.training.sanity.tests.AddUser2CourseTests_023"/>
  <testcase name="assertResult" time="0.050" classname="com.training.sanity.tests.AddUser2CourseTests_023"/>
</testsuite> <!-- com.training.sanity.tests.AddUser2CourseTests_023 -->
