<?xml version="1.0" encoding="UTF-8"?>
<!-- Generated by org.testng.reporters.JUnitReportReporter -->
<testsuite skipped="0" hostname="arupemuk" name="com.training.sanity.tests.RegistartionELTC_001_Test" tests="1" failures="0" timestamp="16 Feb 2019 12:19:50 GMT" time="27.910" errors="0">
  <testcase name="validLoginTest" time="27.910" classname="com.training.sanity.tests.RegistartionELTC_001_Test"/>
</testsuite> <!-- com.training.sanity.tests.RegistartionELTC_001_Test -->
