<?xml version="1.0" encoding="UTF-8"?>
<!-- Generated by org.testng.reporters.JUnitReportReporter -->
<testsuite skipped="0" hostname="arupemuk" name="com.training.sanity.tests.TeacherTestCreationELTC_032_Test" tests="2" failures="0" timestamp="26 Feb 2019 13:28:37 GMT" time="109.172" errors="0">
  <testcase name="validLoginTest" time="4.192" classname="com.training.sanity.tests.TeacherTestCreationELTC_032_Test"/>
  <testcase name="validCoursecreation" time="104.980" classname="com.training.sanity.tests.TeacherTestCreationELTC_032_Test"/>
</testsuite> <!-- com.training.sanity.tests.TeacherTestCreationELTC_032_Test -->
