<?xml version="1.0" encoding="UTF-8"?>
<!-- Generated by org.testng.reporters.JUnitReportReporter -->
<testsuite skipped="0" hostname="arupemuk" name="com.training.sanity.tests.LoginELTC_028_Test" tests="1" failures="0" timestamp="15 Feb 2019 11:16:38 GMT" time="31.627" errors="0">
  <testcase name="validLoginTest" time="31.627" classname="com.training.sanity.tests.LoginELTC_028_Test"/>
</testsuite> <!-- com.training.sanity.tests.LoginELTC_028_Test -->
