<?xml version="1.0" encoding="UTF-8"?>
<!-- Generated by org.testng.reporters.JUnitReportReporter -->
<testsuite skipped="0" hostname="arupemuk" name="com.training.sanity.tests.LoginELTC_029_Test" tests="2" failures="0" timestamp="16 Feb 2019 08:31:33 GMT" time="21.234" errors="0">
  <testcase name="validLoginTest" time="11.264" classname="com.training.sanity.tests.LoginELTC_029_Test"/>
  <testcase name="validDelTest" time="9.970" classname="com.training.sanity.tests.LoginELTC_029_Test"/>
</testsuite> <!-- com.training.sanity.tests.LoginELTC_029_Test -->
