<?xml version="1.0" encoding="UTF-8"?>
<!-- Generated by org.testng.reporters.JUnitReportReporter -->
<testsuite skipped="0" hostname="arupemuk" name="com.training.sanity.tests.LoginELTC_002_Test" tests="1" failures="0" timestamp="16 Feb 2019 12:20:45 GMT" time="4.460" errors="0">
  <testcase name="validLoginTest" time="4.460" classname="com.training.sanity.tests.LoginELTC_002_Test"/>
</testsuite> <!-- com.training.sanity.tests.LoginELTC_002_Test -->
