<?xml version="1.0" encoding="UTF-8"?>
<!-- Generated by org.testng.reporters.JUnitReportReporter -->
<testsuite skipped="0" hostname="arupemuk" name="com.training.sanity.tests.TeacherAssignStudentRateELTC_035_Test" tests="2" failures="0" timestamp="26 Feb 2019 15:38:11 GMT" time="31.133" errors="0">
  <testcase name="validLoginTest" time="5.093" classname="com.training.sanity.tests.TeacherAssignStudentRateELTC_035_Test"/>
  <testcase name="validCoursecreation" time="26.040" classname="com.training.sanity.tests.TeacherAssignStudentRateELTC_035_Test"/>
</testsuite> <!-- com.training.sanity.tests.TeacherAssignStudentRateELTC_035_Test -->
