<?xml version="1.0" encoding="UTF-8"?>
<!-- Generated by org.testng.reporters.JUnitReportReporter -->
<testsuite skipped="0" hostname="arupemuk" name="com.training.sanity.tests.LoginElearning1Test" tests="1" failures="0" timestamp="12 Feb 2019 13:15:20 GMT" time="20.928" errors="0">
  <testcase name="validLoginTest" time="20.928" classname="com.training.sanity.tests.LoginElearning1Test"/>
</testsuite> <!-- com.training.sanity.tests.LoginElearning1Test -->
