<?xml version="1.0" encoding="UTF-8"?>
<!-- Generated by org.testng.reporters.JUnitReportReporter -->
<testsuite skipped="0" hostname="arupemuk" name="com.training.sanity.tests.MediumELTC_049_Test" tests="1" failures="0" timestamp="26 Feb 2019 10:32:16 GMT" time="38.431" errors="0">
  <testcase name="validLoginTest" time="38.431" classname="com.training.sanity.tests.MediumELTC_049_Test"/>
</testsuite> <!-- com.training.sanity.tests.MediumELTC_049_Test -->
