<?xml version="1.0" encoding="UTF-8"?>
<!-- Generated by org.testng.reporters.JUnitReportReporter -->
<testsuite skipped="0" hostname="arupemuk" name="com.training.sanity.tests.TeacherAddCourseELTC_031_Test" tests="2" failures="0" timestamp="26 Feb 2019 12:15:13 GMT" time="65.577" errors="0">
  <testcase name="validLoginTest" time="6.252" classname="com.training.sanity.tests.TeacherAddCourseELTC_031_Test"/>
  <testcase name="validCoursecreation" time="59.325" classname="com.training.sanity.tests.TeacherAddCourseELTC_031_Test"/>
</testsuite> <!-- com.training.sanity.tests.TeacherAddCourseELTC_031_Test -->
