<?xml version="1.0" encoding="UTF-8"?>
<!-- Generated by org.testng.reporters.JUnitReportReporter -->
<testsuite skipped="0" hostname="arupemuk" name="com.training.sanity.tests.TeacherAttchCertificateELTC_033_Test" tests="2" failures="0" timestamp="26 Feb 2019 14:59:15 GMT" time="38.295" errors="0">
  <testcase name="validLoginTest" time="6.482" classname="com.training.sanity.tests.TeacherAttchCertificateELTC_033_Test"/>
  <testcase name="validCoursecreation" time="31.813" classname="com.training.sanity.tests.TeacherAttchCertificateELTC_033_Test"/>
</testsuite> <!-- com.training.sanity.tests.TeacherAttchCertificateELTC_033_Test -->
