<?xml version="1.0" encoding="UTF-8"?>
<!-- Generated by org.testng.reporters.JUnitReportReporter -->
<testsuite skipped="0" hostname="arupemuk" name="com.training.sanity.tests.TeacherAssignmentsLTC_034_Test" tests="2" failures="0" timestamp="22 Feb 2019 06:30:40 GMT" time="39.865" errors="0">
  <testcase name="validLoginTest" time="5.188" classname="com.training.sanity.tests.TeacherAssignmentsLTC_034_Test"/>
  <testcase name="validCoursecreation" time="34.677" classname="com.training.sanity.tests.TeacherAssignmentsLTC_034_Test"/>
</testsuite> <!-- com.training.sanity.tests.TeacherAssignmentsLTC_034_Test -->
