<?xml version="1.0" encoding="UTF-8"?>
<!-- Generated by org.testng.reporters.JUnitReportReporter -->
<testsuite skipped="0" hostname="arupemuk" name="com.training.sanity.tests.LoginELTC_001_Test" tests="1" failures="0" timestamp="13 Feb 2019 13:34:51 GMT" time="35.746" errors="0">
  <testcase name="validLoginTest" time="35.746" classname="com.training.sanity.tests.LoginELTC_001_Test"/>
</testsuite> <!-- com.training.sanity.tests.LoginELTC_001_Test -->
