<?xml version="1.0" encoding="UTF-8"?>
<!-- Generated by org.testng.reporters.JUnitReportReporter -->
<testsuite skipped="0" hostname="arupemuk" name="com.training.regression.tests.LoginStudent_Registration_Fail__ELTC_062Test" tests="2" failures="0" timestamp="06 Mar 2019 05:56:46 GMT" time="81.703" errors="0">
  <testcase name="loginStudentRegistrationTest" time="43.891" classname="com.training.regression.tests.LoginStudent_Registration_Fail__ELTC_062Test"/>
  <testcase name="loginStudentRegistrationTest" time="37.812" classname="com.training.regression.tests.LoginStudent_Registration_Fail__ELTC_062Test"/>
</testsuite> <!-- com.training.regression.tests.LoginStudent_Registration_Fail__ELTC_062Test -->
