<?xml version="1.0" encoding="UTF-8"?>
<!-- Generated by org.testng.reporters.JUnitReportReporter -->
<testsuite skipped="0" hostname="arupemuk" name="com.training.sanity.tests.RegisterTeacherELTC_005_Test" tests="1" failures="0" timestamp="16 Feb 2019 17:24:35 GMT" time="30.634" errors="0">
  <testcase name="validLoginTest" time="30.634" classname="com.training.sanity.tests.RegisterTeacherELTC_005_Test"/>
</testsuite> <!-- com.training.sanity.tests.RegisterTeacherELTC_005_Test -->
